  [1m[35m (171.3ms)[0m  [1m[35mCREATE TABLE `schema_migrations` (`version` varchar(255) PRIMARY KEY) ENGINE=InnoDB[0m
  [1m[35m (160.6ms)[0m  [1m[35mCREATE TABLE `ar_internal_metadata` (`key` varchar(255) PRIMARY KEY, `value` varchar(255), `created_at` datetime NOT NULL, `updated_at` datetime NOT NULL) ENGINE=InnoDB[0m
  [1m[35m (0.3ms)[0m  [1m[34mSELECT DATABASE() as db[0m
  [1m[35m (0.3ms)[0m  [1m[34mSELECT GET_LOCK('2624933690000803650', 0);[0m
  [1m[36mActiveRecord::SchemaMigration Load (0.6ms)[0m  [1m[34mSELECT `schema_migrations`.* FROM `schema_migrations`[0m
Migrating to CreatePosts (20160703065059)
  [1m[35m (215.7ms)[0m  [1m[35mCREATE TABLE `posts` (`id` int AUTO_INCREMENT PRIMARY KEY, `title` varchar(255), `body` text, `created_at` datetime NOT NULL, `updated_at` datetime NOT NULL) ENGINE=InnoDB[0m
  [1m[35m (0.3ms)[0m  [1m[35mBEGIN[0m
  [1m[35mSQL (0.5ms)[0m  [1m[32mINSERT INTO `schema_migrations` (`version`) VALUES ('20160703065059')[0m
  [1m[35m (58.9ms)[0m  [1m[35mCOMMIT[0m
Migrating to CreateComments (20160703065342)
  [1m[35m (272.9ms)[0m  [1m[35mCREATE TABLE `comments` (`id` int AUTO_INCREMENT PRIMARY KEY, `post_id` int, `body` text, `created_at` datetime NOT NULL, `updated_at` datetime NOT NULL,  INDEX `index_comments_on_post_id`  (`post_id`), CONSTRAINT `fk_rails_2fd19c0db7`
FOREIGN KEY (`post_id`)
  REFERENCES `posts` (`id`)
) ENGINE=InnoDB[0m
  [1m[35m (0.3ms)[0m  [1m[35mBEGIN[0m
  [1m[35mSQL (0.6ms)[0m  [1m[32mINSERT INTO `schema_migrations` (`version`) VALUES ('20160703065342')[0m
  [1m[35m (62.0ms)[0m  [1m[35mCOMMIT[0m
  [1m[36mActiveRecord::InternalMetadata Load (0.3ms)[0m  [1m[34mSELECT  `ar_internal_metadata`.* FROM `ar_internal_metadata` WHERE `ar_internal_metadata`.`key` = 'environment' LIMIT 1[0m
  [1m[35m (0.1ms)[0m  [1m[35mBEGIN[0m
  [1m[35mSQL (0.3ms)[0m  [1m[32mINSERT INTO `ar_internal_metadata` (`key`, `value`, `created_at`, `updated_at`) VALUES ('environment', 'development', '2019-01-28 06:59:25', '2019-01-28 06:59:25')[0m
  [1m[35m (55.3ms)[0m  [1m[35mCOMMIT[0m
  [1m[35m (0.4ms)[0m  [1m[34mSELECT RELEASE_LOCK('2624933690000803650')[0m
  [1m[36mActiveRecord::SchemaMigration Load (0.4ms)[0m  [1m[34mSELECT `schema_migrations`.* FROM `schema_migrations`[0m
  [1m[35m (0.6ms)[0m  [1m[35mSHOW CREATE TABLE `comments`[0m
  [1m[35m (0.6ms)[0m  [1m[35mSHOW TABLE STATUS LIKE 'comments'[0m
  [1m[35m (0.3ms)[0m  [1m[35mSHOW CREATE TABLE `posts`[0m
  [1m[35m (0.4ms)[0m  [1m[35mSHOW TABLE STATUS LIKE 'posts'[0m
  [1m[35m (0.5ms)[0m  [1m[34mSELECT fk.referenced_table_name as 'to_table'
      ,fk.referenced_column_name as 'primary_key'
      ,fk.column_name as 'column'
      ,fk.constraint_name as 'name'
FROM information_schema.key_column_usage fk
WHERE fk.referenced_column_name is not null
  AND fk.table_schema = 'development_blog'
  AND fk.table_name = 'comments'
[0m
  [1m[35m (0.4ms)[0m  [1m[34mSELECT fk.referenced_table_name as 'to_table'
      ,fk.referenced_column_name as 'primary_key'
      ,fk.column_name as 'column'
      ,fk.constraint_name as 'name'
FROM information_schema.key_column_usage fk
WHERE fk.referenced_column_name is not null
  AND fk.table_schema = 'development_blog'
  AND fk.table_name = 'posts'
[0m
Started GET "/" for 127.0.0.1 at 2019-01-28 12:30:55 +0530
  [1m[36mActiveRecord::SchemaMigration Load (0.2ms)[0m  [1m[34mSELECT `schema_migrations`.* FROM `schema_migrations`[0m
Processing by Rails::WelcomeController#index as HTML
  Parameters: {"internal"=>true}
  Rendering /home/likewise-open/IDEXCEL/amadhan/.rvm/gems/ruby-2.3.1/gems/railties-5.0.0/lib/rails/templates/rails/welcome/index.html.erb
  Rendered /home/likewise-open/IDEXCEL/amadhan/.rvm/gems/ruby-2.3.1/gems/railties-5.0.0/lib/rails/templates/rails/welcome/index.html.erb (3.9ms)
Completed 200 OK in 19ms (Views: 9.0ms | ActiveRecord: 0.0ms)


Started GET "/posts" for 127.0.0.1 at 2019-01-28 12:31:03 +0530
Processing by PostsController#index as HTML
  Rendering posts/index.html.erb within layouts/application
  [1m[36mPost Load (0.6ms)[0m  [1m[34mSELECT `posts`.* FROM `posts`[0m
  Rendered posts/index.html.erb within layouts/application (14.1ms)
Completed 200 OK in 601ms (Views: 581.5ms | ActiveRecord: 1.7ms)


Started GET "/cable" for 127.0.0.1 at 2019-01-28 12:31:04 +0530
Started GET "/cable/" [WebSocket] for 127.0.0.1 at 2019-01-28 12:31:04 +0530
Successfully upgraded to WebSocket (REQUEST_METHOD: GET, HTTP_CONNECTION: Upgrade, HTTP_UPGRADE: websocket)
  [1m[36mPost Load (0.7ms)[0m  [1m[34mSELECT  `posts`.* FROM `posts` ORDER BY `posts`.`id` DESC LIMIT 1[0m
CommentsChannel is transmitting the subscription confirmation
CommentsChannel is streaming from comments:
Started GET "/posts/new" for 127.0.0.1 at 2019-01-28 12:31:06 +0530
Processing by PostsController#new as HTML
  Rendering posts/new.html.erb within layouts/application
  Rendered posts/_form.html.erb (36.8ms)
  Rendered posts/new.html.erb within layouts/application (40.3ms)
Completed 200 OK in 102ms (Views: 79.4ms | ActiveRecord: 0.6ms)


Started POST "/posts" for 127.0.0.1 at 2019-01-28 12:31:45 +0530
Processing by PostsController#create as HTML
  Parameters: {"utf8"=>"✓", "authenticity_token"=>"JMmiqc0TU6jcBOAX65tNKN7maqPIRe8epHYaMmYpcqDiqPV9lFPdczTKztQ4obFEndvlC7c2yZD00WH1upg3Ug==", "post"=>{"title"=>"Test Post", "body"=>"You can send a test text message to a destination number listed as a test phone. You may register up to three test phone numbers for testing when in the Sandbox environment (from Create Integration from your dashboard). You will not be charged for these messages.\r\n\r\n"}, "commit"=>"Create Post"}
  [1m[35m (0.3ms)[0m  [1m[35mBEGIN[0m
  [1m[35mSQL (1.0ms)[0m  [1m[32mINSERT INTO `posts` (`title`, `body`, `created_at`, `updated_at`) VALUES ('Test Post', 'You can send a test text message to a destination number listed as a test phone. You may register up to three test phone numbers for testing when in the Sandbox environment (from Create Integration from your dashboard). You will not be charged for these messages.\r\n\r\n', '2019-01-28 07:01:45', '2019-01-28 07:01:45')[0m
  [1m[35m (119.0ms)[0m  [1m[35mCOMMIT[0m
Redirected to http://localhost:3000/posts/1
Completed 302 Found in 129ms (ActiveRecord: 120.3ms)


Started GET "/posts/1" for 127.0.0.1 at 2019-01-28 12:31:45 +0530
Processing by PostsController#show as HTML
  Parameters: {"id"=>"1"}
  [1m[36mPost Load (1.2ms)[0m  [1m[34mSELECT  `posts`.* FROM `posts` WHERE `posts`.`id` = 1 LIMIT 1[0m
  Rendering posts/show.html.erb within layouts/application
  [1m[36mComment Load (0.3ms)[0m  [1m[34mSELECT `comments`.* FROM `comments` WHERE `comments`.`post_id` = 1[0m
  Rendered collection of templates [0 times] (0.0ms)
  Rendered posts/show.html.erb within layouts/application (49.5ms)
Completed 200 OK in 91ms (Views: 74.2ms | ActiveRecord: 2.8ms)


Finished "/cable/" [WebSocket] for 127.0.0.1 at 2019-01-28 12:31:45 +0530
CommentsChannel stopped streaming from comments:
Started GET "/cable" for 127.0.0.1 at 2019-01-28 12:31:45 +0530
Started GET "/cable/" [WebSocket] for 127.0.0.1 at 2019-01-28 12:31:45 +0530
Successfully upgraded to WebSocket (REQUEST_METHOD: GET, HTTP_CONNECTION: Upgrade, HTTP_UPGRADE: websocket)
  [1m[36mPost Load (0.4ms)[0m  [1m[34mSELECT  `posts`.* FROM `posts` ORDER BY `posts`.`id` DESC LIMIT 1[0m
CommentsChannel is transmitting the subscription confirmation
CommentsChannel is streaming from comments:Z2lkOi8vYmxvZy9Qb3N0LzE
Started GET "/posts" for 127.0.0.1 at 2019-01-28 12:31:49 +0530
Processing by PostsController#index as HTML
  Rendering posts/index.html.erb within layouts/application
  [1m[36mPost Load (0.4ms)[0m  [1m[34mSELECT `posts`.* FROM `posts`[0m
  Rendered posts/index.html.erb within layouts/application (3.2ms)
Completed 200 OK in 42ms (Views: 40.4ms | ActiveRecord: 0.4ms)


Started GET "/posts/1" for 127.0.0.1 at 2019-01-28 12:54:32 +0530
Processing by PostsController#show as HTML
  Parameters: {"id"=>"1"}
  [1m[36mPost Load (0.2ms)[0m  [1m[34mSELECT  `posts`.* FROM `posts` WHERE `posts`.`id` = 1 LIMIT 1[0m
  Rendering posts/show.html.erb within layouts/application
  [1m[36mComment Load (0.3ms)[0m  [1m[34mSELECT `comments`.* FROM `comments` WHERE `comments`.`post_id` = 1[0m
  Rendered collection of templates [0 times] (0.0ms)
  Rendered posts/show.html.erb within layouts/application (3.6ms)
Completed 200 OK in 44ms (Views: 41.1ms | ActiveRecord: 0.5ms)


Started POST "/posts/1/comments" for 127.0.0.1 at 2019-01-28 12:54:52 +0530
Processing by CommentsController#create as HTML
  Parameters: {"utf8"=>"✓", "authenticity_token"=>"OJ7KKjnx66EeC3p6SfbIpaJrNsyTKGT5hIwbYIyTVj4IRsmgNTflzOpe/l8mJxf1nJaYV1STBcsro6LmaNuTYQ==", "comment"=>{"body"=>"Questions using this tag should be about the Clickatell API. Support questions should be directed to https://www.clickatell.com/contact/contact-us/. Clickatell is the largest Online SMS mobile messaging gateway covering 962 networks in 224 countries and territories, with the potential to reach 5 billion mobile phone users."}, "commit"=>"Create Comment", "post_id"=>"1"}
  [1m[36mPost Load (0.2ms)[0m  [1m[34mSELECT  `posts`.* FROM `posts` WHERE `posts`.`id` = 1 LIMIT 1[0m
  [1m[35m (0.2ms)[0m  [1m[35mBEGIN[0m
  [1m[35mSQL (0.5ms)[0m  [1m[32mINSERT INTO `comments` (`post_id`, `body`, `created_at`, `updated_at`) VALUES (1, 'Questions using this tag should be about the Clickatell API. Support questions should be directed to https://www.clickatell.com/contact/contact-us/. Clickatell is the largest Online SMS mobile messaging gateway covering 962 networks in 224 countries and territories, with the potential to reach 5 billion mobile phone users.', '2019-01-28 07:24:52', '2019-01-28 07:24:52')[0m
  [1m[35m (64.2ms)[0m  [1m[35mCOMMIT[0m
[ActiveJob] Enqueued ActionMailer::DeliveryJob (Job ID: 3b76e7ca-2713-4863-a9f8-c60b5253ec09) to Async(mailers) with arguments: "CommentsMailer", "submitted", "deliver_now", #<GlobalID:0x000000040a3d50 @uri=#<URI::GID gid://blog/Comment/1>>
  Rendered comments/_comment.html.erb (0.5ms)
[ActionCable] Broadcasting to comments:Z2lkOi8vYmxvZy9Qb3N0LzE: {:comment=>"<p>Questions using this tag should be about the Clickatell API. Support questions should be directed to https://www.clickatell.com/contact/contact-us/. Clickatell is the largest Online SMS mobile messaging gateway covering 962 networks in 224 countries and territories, with the potential to reach 5 billion mobile phone users. -- 2019-01-28 07:24:52 UTC</p>\n"}
Redirected to http://localhost:3000/posts/1
CommentsChannel transmitting {"comment"=>"<p>Questions using this tag should be about the Clickatell API. Support questions should be directed to https://www.clickatell.com/contact/contact-us/. Clickatell is the largest Online SMS mobile messaging gateway covering 962 networks in 224 countries and territories, with the poten... (via streamed from comments:Z2lkOi8vYmxvZy9Qb3N0LzE)
Completed 302 Found in 651ms (ActiveRecord: 65.0ms)


Started GET "/posts/1" for 127.0.0.1 at 2019-01-28 12:54:52 +0530
Processing by PostsController#show as HTML
  Parameters: {"id"=>"1"}
  [1m[36mPost Load (2.7ms)[0m  [1m[34mSELECT  `posts`.* FROM `posts` WHERE `posts`.`id` = 1 LIMIT 1[0m
  [1m[36mComment Load (2.2ms)[0m  [1m[34mSELECT  `comments`.* FROM `comments` WHERE `comments`.`id` = 1 LIMIT 1[0m
  Rendering posts/show.html.erb within layouts/application
[ActiveJob] [ActionMailer::DeliveryJob] [3b76e7ca-2713-4863-a9f8-c60b5253ec09] Performing ActionMailer::DeliveryJob from Async(mailers) with arguments: "CommentsMailer", "submitted", "deliver_now", #<GlobalID:0x00000003a55458 @uri=#<URI::GID gid://blog/Comment/1>>
[ActiveJob] [ActionMailer::DeliveryJob] [3b76e7ca-2713-4863-a9f8-c60b5253ec09]   Rendering comments_mailer/submitted.html.erb within layouts/mailer
  [1m[36mComment Load (7.1ms)[0m  [1m[34mSELECT `comments`.* FROM `comments` WHERE `comments`.`post_id` = 1[0m
  Rendered collection of comments/_comment.html.erb [1 times] (0.5ms)
  Rendered posts/show.html.erb within layouts/application (13.8ms)
[ActiveJob] [ActionMailer::DeliveryJob] [3b76e7ca-2713-4863-a9f8-c60b5253ec09]   [1m[36mPost Load (3.3ms)[0m  [1m[34mSELECT  `posts`.* FROM `posts` WHERE `posts`.`id` = 1 LIMIT 1[0m
[ActiveJob] [ActionMailer::DeliveryJob] [3b76e7ca-2713-4863-a9f8-c60b5253ec09]   Rendered comments/_comment.html.erb (0.4ms)
[ActiveJob] [ActionMailer::DeliveryJob] [3b76e7ca-2713-4863-a9f8-c60b5253ec09]   Rendered comments_mailer/submitted.html.erb within layouts/mailer (18.0ms)
[ActiveJob] [ActionMailer::DeliveryJob] [3b76e7ca-2713-4863-a9f8-c60b5253ec09]   Rendering comments_mailer/submitted.text.erb within layouts/mailer
[ActiveJob] [ActionMailer::DeliveryJob] [3b76e7ca-2713-4863-a9f8-c60b5253ec09]   Rendered comments_mailer/submitted.text.erb within layouts/mailer (0.3ms)
Completed 200 OK in 47ms (Views: 32.8ms | ActiveRecord: 9.8ms)


Finished "/cable/" [WebSocket] for 127.0.0.1 at 2019-01-28 12:54:52 +0530
CommentsChannel stopped streaming from comments:Z2lkOi8vYmxvZy9Qb3N0LzE
Started GET "/cable" for 127.0.0.1 at 2019-01-28 12:54:52 +0530
Started GET "/cable/" [WebSocket] for 127.0.0.1 at 2019-01-28 12:54:52 +0530
Successfully upgraded to WebSocket (REQUEST_METHOD: GET, HTTP_CONNECTION: Upgrade, HTTP_UPGRADE: websocket)
  [1m[36mPost Load (9.2ms)[0m  [1m[34mSELECT  `posts`.* FROM `posts` ORDER BY `posts`.`id` DESC LIMIT 1[0m
CommentsChannel is transmitting the subscription confirmation
CommentsChannel is streaming from comments:Z2lkOi8vYmxvZy9Qb3N0LzE
[ActiveJob] [ActionMailer::DeliveryJob] [3b76e7ca-2713-4863-a9f8-c60b5253ec09] CommentsMailer#submitted: processed outbound mail in 665.4ms
[ActiveJob] [ActionMailer::DeliveryJob] [3b76e7ca-2713-4863-a9f8-c60b5253ec09] Sent mail to blog-owner@example.org (30.1ms)
[ActiveJob] [ActionMailer::DeliveryJob] [3b76e7ca-2713-4863-a9f8-c60b5253ec09] Date: Mon, 28 Jan 2019 12:54:53 +0530
From: from@example.com
To: blog-owner@example.org
Message-ID: <5c4eae4581b2e_40602051778231c1@laplen023.mail>
Subject: New comment!
Mime-Version: 1.0
Content-Type: multipart/alternative;
 boundary="--==_mimepart_5c4eae457dddb_40602051778230d3";
 charset=UTF-8
Content-Transfer-Encoding: 7bit


----==_mimepart_5c4eae457dddb_40602051778230d3
Content-Type: text/plain;
 charset=UTF-8
Content-Transfer-Encoding: 7bit

You got a new comment Test Post : Questions using this tag should be about the Clickatell API. Support questions should be directed to https://www.clickatell.com/contact/contact-us/. Clickatell is the largest Online SMS mobile messaging gateway covering 962 networks in 224 countries and territories, with the potential to reach 5 billion mobile phone users.

----==_mimepart_5c4eae457dddb_40602051778230d3
Content-Type: text/html;
 charset=UTF-8
Content-Transfer-Encoding: 7bit

<!DOCTYPE html>
<html>
  <head>
    <meta http-equiv="Content-Type" content="text/html; charset=utf-8" />
    <style>
      /* Email styles need to be inline */
    </style>
  </head>

  <body>
    <h1> you got a new comment on Test Post </h1>

<p>Questions using this tag should be about the Clickatell API. Support questions should be directed to https://www.clickatell.com/contact/contact-us/. Clickatell is the largest Online SMS mobile messaging gateway covering 962 networks in 224 countries and territories, with the potential to reach 5 billion mobile phone users. -- 2019-01-28 07:24:52 UTC</p>

  </body>
</html>

----==_mimepart_5c4eae457dddb_40602051778230d3--

[ActiveJob] [ActionMailer::DeliveryJob] [3b76e7ca-2713-4863-a9f8-c60b5253ec09] Performed ActionMailer::DeliveryJob from Async(mailers) in 697.83ms
Started POST "/posts/1/comments" for 127.0.0.1 at 2019-01-28 12:55:01 +0530
Processing by CommentsController#create as HTML
  Parameters: {"utf8"=>"✓", "authenticity_token"=>"ba6NprvTgLgYV4SKYl5EDJrNNlXUZ/ZE4mQUCUD/TIRtQIGKrueIk5vca9PwBTNSAxluFbrsuu6vOg3pu+Xjjw==", "comment"=>{"body"=>"Questions using this tag should be about the Clickatell API. Support questions should be directed to https://www.clickatell.com/contact/contact-us/. Clickatell is the largest Online SMS mobile messaging gateway covering 962 networks in 224 countries and territories, with the potential to reach 5 billion mobile phone users."}, "commit"=>"Create Comment", "post_id"=>"1"}
  [1m[36mPost Load (0.3ms)[0m  [1m[34mSELECT  `posts`.* FROM `posts` WHERE `posts`.`id` = 1 LIMIT 1[0m
  [1m[35m (0.2ms)[0m  [1m[35mBEGIN[0m
  [1m[35mSQL (1.2ms)[0m  [1m[32mINSERT INTO `comments` (`post_id`, `body`, `created_at`, `updated_at`) VALUES (1, 'Questions using this tag should be about the Clickatell API. Support questions should be directed to https://www.clickatell.com/contact/contact-us/. Clickatell is the largest Online SMS mobile messaging gateway covering 962 networks in 224 countries and territories, with the potential to reach 5 billion mobile phone users.', '2019-01-28 07:25:01', '2019-01-28 07:25:01')[0m
  [1m[35m (61.0ms)[0m  [1m[35mCOMMIT[0m
[ActiveJob] Enqueued ActionMailer::DeliveryJob (Job ID: 819c1f6a-cc87-49a1-b9ff-dc3d4ae1b6ca) to Async(mailers) with arguments: "CommentsMailer", "submitted", "deliver_now", #<GlobalID:0x007f8a2c4755c8 @uri=#<URI::GID gid://blog/Comment/2>>
  [1m[36mComment Load (0.3ms)[0m  [1m[34mSELECT  `comments`.* FROM `comments` WHERE `comments`.`id` = 2 LIMIT 1[0m
[ActiveJob] [ActionMailer::DeliveryJob] [819c1f6a-cc87-49a1-b9ff-dc3d4ae1b6ca] Performing ActionMailer::DeliveryJob from Async(mailers) with arguments: "CommentsMailer", "submitted", "deliver_now", #<GlobalID:0x007f89ed314268 @uri=#<URI::GID gid://blog/Comment/2>>
[ActiveJob] [ActionMailer::DeliveryJob] [819c1f6a-cc87-49a1-b9ff-dc3d4ae1b6ca]   Rendering comments_mailer/submitted.html.erb within layouts/mailer
  Rendered comments/_comment.html.erb (0.7ms)
[ActiveJob] [ActionMailer::DeliveryJob] [819c1f6a-cc87-49a1-b9ff-dc3d4ae1b6ca]   [1m[36mPost Load (1.3ms)[0m  [1m[34mSELECT  `posts`.* FROM `posts` WHERE `posts`.`id` = 1 LIMIT 1[0m
[ActionCable] Broadcasting to comments:Z2lkOi8vYmxvZy9Qb3N0LzE: {:comment=>"<p>Questions using this tag should be about the Clickatell API. Support questions should be directed to https://www.clickatell.com/contact/contact-us/. Clickatell is the largest Online SMS mobile messaging gateway covering 962 networks in 224 countries and territories, with the potential to reach 5 billion mobile phone users. -- 2019-01-28 07:25:01 UTC</p>\n"}
[ActiveJob] [ActionMailer::DeliveryJob] [819c1f6a-cc87-49a1-b9ff-dc3d4ae1b6ca]   Rendered comments/_comment.html.erb (0.8ms)
CommentsChannel transmitting {"comment"=>"<p>Questions using this tag should be about the Clickatell API. Support questions should be directed to https://www.clickatell.com/contact/contact-us/. Clickatell is the largest Online SMS mobile messaging gateway covering 962 networks in 224 countries and territories, with the poten... (via streamed from comments:Z2lkOi8vYmxvZy9Qb3N0LzE)
[ActiveJob] [ActionMailer::DeliveryJob] [819c1f6a-cc87-49a1-b9ff-dc3d4ae1b6ca]   Rendered comments_mailer/submitted.html.erb within layouts/mailer (12.0ms)
Redirected to http://localhost:3000/posts/1
[ActiveJob] [ActionMailer::DeliveryJob] [819c1f6a-cc87-49a1-b9ff-dc3d4ae1b6ca]   Rendering comments_mailer/submitted.text.erb within layouts/mailer
Completed 302 Found in 106ms (ActiveRecord: 62.8ms)


[ActiveJob] [ActionMailer::DeliveryJob] [819c1f6a-cc87-49a1-b9ff-dc3d4ae1b6ca]   Rendered comments_mailer/submitted.text.erb within layouts/mailer (0.5ms)
[ActiveJob] [ActionMailer::DeliveryJob] [819c1f6a-cc87-49a1-b9ff-dc3d4ae1b6ca] CommentsMailer#submitted: processed outbound mail in 28.8ms
Started GET "/posts/1" for 127.0.0.1 at 2019-01-28 12:55:01 +0530
Processing by PostsController#show as HTML
[ActiveJob] [ActionMailer::DeliveryJob] [819c1f6a-cc87-49a1-b9ff-dc3d4ae1b6ca] Sent mail to blog-owner@example.org (10.5ms)
  Parameters: {"id"=>"1"}
[ActiveJob] [ActionMailer::DeliveryJob] [819c1f6a-cc87-49a1-b9ff-dc3d4ae1b6ca] Date: Mon, 28 Jan 2019 12:55:01 +0530
From: from@example.com
To: blog-owner@example.org
Message-ID: <5c4eae4d3e668_406020517782334@laplen023.mail>
Subject: New comment!
Mime-Version: 1.0
Content-Type: multipart/alternative;
 boundary="--==_mimepart_5c4eae4d3d667_4060205177823276";
 charset=UTF-8
Content-Transfer-Encoding: 7bit


----==_mimepart_5c4eae4d3d667_4060205177823276
Content-Type: text/plain;
 charset=UTF-8
Content-Transfer-Encoding: 7bit

You got a new comment Test Post : Questions using this tag should be about the Clickatell API. Support questions should be directed to https://www.clickatell.com/contact/contact-us/. Clickatell is the largest Online SMS mobile messaging gateway covering 962 networks in 224 countries and territories, with the potential to reach 5 billion mobile phone users.

----==_mimepart_5c4eae4d3d667_4060205177823276
Content-Type: text/html;
 charset=UTF-8
Content-Transfer-Encoding: 7bit

<!DOCTYPE html>
<html>
  <head>
    <meta http-equiv="Content-Type" content="text/html; charset=utf-8" />
    <style>
      /* Email styles need to be inline */
    </style>
  </head>

  <body>
    <h1> you got a new comment on Test Post </h1>

<p>Questions using this tag should be about the Clickatell API. Support questions should be directed to https://www.clickatell.com/contact/contact-us/. Clickatell is the largest Online SMS mobile messaging gateway covering 962 networks in 224 countries and territories, with the potential to reach 5 billion mobile phone users. -- 2019-01-28 07:25:01 UTC</p>

  </body>
</html>

----==_mimepart_5c4eae4d3d667_4060205177823276--

[ActiveJob] [ActionMailer::DeliveryJob] [819c1f6a-cc87-49a1-b9ff-dc3d4ae1b6ca] Performed ActionMailer::DeliveryJob from Async(mailers) in 48.66ms
  [1m[36mPost Load (2.2ms)[0m  [1m[34mSELECT  `posts`.* FROM `posts` WHERE `posts`.`id` = 1 LIMIT 1[0m
  Rendering posts/show.html.erb within layouts/application
  [1m[36mComment Load (0.7ms)[0m  [1m[34mSELECT `comments`.* FROM `comments` WHERE `comments`.`post_id` = 1[0m
  Rendered collection of comments/_comment.html.erb [2 times] (0.7ms)
  Rendered posts/show.html.erb within layouts/application (9.8ms)
Completed 200 OK in 56ms (Views: 51.4ms | ActiveRecord: 2.9ms)


Finished "/cable/" [WebSocket] for 127.0.0.1 at 2019-01-28 12:55:01 +0530
CommentsChannel stopped streaming from comments:Z2lkOi8vYmxvZy9Qb3N0LzE
Started GET "/cable" for 127.0.0.1 at 2019-01-28 12:55:01 +0530
Started GET "/cable/" [WebSocket] for 127.0.0.1 at 2019-01-28 12:55:01 +0530
Successfully upgraded to WebSocket (REQUEST_METHOD: GET, HTTP_CONNECTION: Upgrade, HTTP_UPGRADE: websocket)
  [1m[36mPost Load (0.1ms)[0m  [1m[34mSELECT  `posts`.* FROM `posts` ORDER BY `posts`.`id` DESC LIMIT 1[0m
CommentsChannel is transmitting the subscription confirmation
CommentsChannel is streaming from comments:Z2lkOi8vYmxvZy9Qb3N0LzE
Started POST "/posts/1/comments" for 127.0.0.1 at 2019-01-28 12:55:03 +0530
Processing by CommentsController#create as HTML
  Parameters: {"utf8"=>"✓", "authenticity_token"=>"SrXDG82c36vDYZZzHvjTZQomIKvr7Wx38u9BtZcJwC9KW8832KjXgEDqeSqMo6Q7k/J464VmIN2/sVhVbBNvJA==", "comment"=>{"body"=>"Questions using this tag should be about the Clickatell API. Support questions should be directed to https://www.clickatell.com/contact/contact-us/. Clickatell is the largest Online SMS mobile messaging gateway covering 962 networks in 224 countries and territories, with the potential to reach 5 billion mobile phone users."}, "commit"=>"Create Comment", "post_id"=>"1"}
  [1m[36mPost Load (0.2ms)[0m  [1m[34mSELECT  `posts`.* FROM `posts` WHERE `posts`.`id` = 1 LIMIT 1[0m
  [1m[35m (0.2ms)[0m  [1m[35mBEGIN[0m
  [1m[35mSQL (0.4ms)[0m  [1m[32mINSERT INTO `comments` (`post_id`, `body`, `created_at`, `updated_at`) VALUES (1, 'Questions using this tag should be about the Clickatell API. Support questions should be directed to https://www.clickatell.com/contact/contact-us/. Clickatell is the largest Online SMS mobile messaging gateway covering 962 networks in 224 countries and territories, with the potential to reach 5 billion mobile phone users.', '2019-01-28 07:25:03', '2019-01-28 07:25:03')[0m
  [1m[35m (61.1ms)[0m  [1m[35mCOMMIT[0m
[ActiveJob] Enqueued ActionMailer::DeliveryJob (Job ID: 342be1cc-2263-4039-8529-937ca3d5e79f) to Async(mailers) with arguments: "CommentsMailer", "submitted", "deliver_now", #<GlobalID:0x007f8a281d3d00 @uri=#<URI::GID gid://blog/Comment/3>>
  Rendered comments/_comment.html.erb (0.8ms)
  [1m[36mComment Load (6.9ms)[0m  [1m[34mSELECT  `comments`.* FROM `comments` WHERE `comments`.`id` = 3 LIMIT 1[0m
[ActionCable] Broadcasting to comments:Z2lkOi8vYmxvZy9Qb3N0LzE: {:comment=>"<p>Questions using this tag should be about the Clickatell API. Support questions should be directed to https://www.clickatell.com/contact/contact-us/. Clickatell is the largest Online SMS mobile messaging gateway covering 962 networks in 224 countries and territories, with the potential to reach 5 billion mobile phone users. -- 2019-01-28 07:25:03 UTC</p>\n"}
[ActiveJob] [ActionMailer::DeliveryJob] [342be1cc-2263-4039-8529-937ca3d5e79f] Performing ActionMailer::DeliveryJob from Async(mailers) with arguments: "CommentsMailer", "submitted", "deliver_now", #<GlobalID:0x007f89ed408228 @uri=#<URI::GID gid://blog/Comment/3>>
Redirected to http://localhost:3000/posts/1
[ActiveJob] [ActionMailer::DeliveryJob] [342be1cc-2263-4039-8529-937ca3d5e79f]   Rendering comments_mailer/submitted.html.erb within layouts/mailer
Completed 302 Found in 89ms (ActiveRecord: 61.9ms)


CommentsChannel transmitting {"comment"=>"<p>Questions using this tag should be about the Clickatell API. Support questions should be directed to https://www.clickatell.com/contact/contact-us/. Clickatell is the largest Online SMS mobile messaging gateway covering 962 networks in 224 countries and territories, with the poten... (via streamed from comments:Z2lkOi8vYmxvZy9Qb3N0LzE)
Started GET "/posts/1" for 127.0.0.1 at 2019-01-28 12:55:03 +0530
Processing by PostsController#show as HTML
  Parameters: {"id"=>"1"}
[ActiveJob] [ActionMailer::DeliveryJob] [342be1cc-2263-4039-8529-937ca3d5e79f]   [1m[36mPost Load (9.3ms)[0m  [1m[34mSELECT  `posts`.* FROM `posts` WHERE `posts`.`id` = 1 LIMIT 1[0m
[ActiveJob] [ActionMailer::DeliveryJob] [342be1cc-2263-4039-8529-937ca3d5e79f]   Rendered comments/_comment.html.erb (1.2ms)
  [1m[36mPost Load (5.4ms)[0m  [1m[34mSELECT  `posts`.* FROM `posts` WHERE `posts`.`id` = 1 LIMIT 1[0m
[ActiveJob] [ActionMailer::DeliveryJob] [342be1cc-2263-4039-8529-937ca3d5e79f]   Rendered comments_mailer/submitted.html.erb within layouts/mailer (14.0ms)
[ActiveJob] [ActionMailer::DeliveryJob] [342be1cc-2263-4039-8529-937ca3d5e79f]   Rendering comments_mailer/submitted.text.erb within layouts/mailer
[ActiveJob] [ActionMailer::DeliveryJob] [342be1cc-2263-4039-8529-937ca3d5e79f]   Rendered comments_mailer/submitted.text.erb within layouts/mailer (0.4ms)
[ActiveJob] [ActionMailer::DeliveryJob] [342be1cc-2263-4039-8529-937ca3d5e79f] CommentsMailer#submitted: processed outbound mail in 28.4ms
  Rendering posts/show.html.erb within layouts/application
[ActiveJob] [ActionMailer::DeliveryJob] [342be1cc-2263-4039-8529-937ca3d5e79f] Sent mail to blog-owner@example.org (9.0ms)
[ActiveJob] [ActionMailer::DeliveryJob] [342be1cc-2263-4039-8529-937ca3d5e79f] Date: Mon, 28 Jan 2019 12:55:03 +0530
From: from@example.com
To: blog-owner@example.org
Message-ID: <5c4eae4f8888b_4060205177823516@laplen023.mail>
Subject: New comment!
Mime-Version: 1.0
Content-Type: multipart/alternative;
 boundary="--==_mimepart_5c4eae4f87b7d_4060205177823421";
 charset=UTF-8
Content-Transfer-Encoding: 7bit


----==_mimepart_5c4eae4f87b7d_4060205177823421
Content-Type: text/plain;
 charset=UTF-8
Content-Transfer-Encoding: 7bit

You got a new comment Test Post : Questions using this tag should be about the Clickatell API. Support questions should be directed to https://www.clickatell.com/contact/contact-us/. Clickatell is the largest Online SMS mobile messaging gateway covering 962 networks in 224 countries and territories, with the potential to reach 5 billion mobile phone users.

----==_mimepart_5c4eae4f87b7d_4060205177823421
Content-Type: text/html;
 charset=UTF-8
Content-Transfer-Encoding: 7bit

<!DOCTYPE html>
<html>
  <head>
    <meta http-equiv="Content-Type" content="text/html; charset=utf-8" />
    <style>
      /* Email styles need to be inline */
    </style>
  </head>

  <body>
    <h1> you got a new comment on Test Post </h1>

<p>Questions using this tag should be about the Clickatell API. Support questions should be directed to https://www.clickatell.com/contact/contact-us/. Clickatell is the largest Online SMS mobile messaging gateway covering 962 networks in 224 countries and territories, with the potential to reach 5 billion mobile phone users. -- 2019-01-28 07:25:03 UTC</p>

  </body>
</html>

----==_mimepart_5c4eae4f87b7d_4060205177823421--

  [1m[36mComment Load (0.4ms)[0m  [1m[34mSELECT `comments`.* FROM `comments` WHERE `comments`.`post_id` = 1[0m
[ActiveJob] [ActionMailer::DeliveryJob] [342be1cc-2263-4039-8529-937ca3d5e79f] Performed ActionMailer::DeliveryJob from Async(mailers) in 38.67ms
  Rendered collection of comments/_comment.html.erb [3 times] (0.9ms)
  Rendered posts/show.html.erb within layouts/application (8.2ms)
Completed 200 OK in 48ms (Views: 29.8ms | ActiveRecord: 5.8ms)


Finished "/cable/" [WebSocket] for 127.0.0.1 at 2019-01-28 12:55:03 +0530
CommentsChannel stopped streaming from comments:Z2lkOi8vYmxvZy9Qb3N0LzE
Started GET "/cable" for 127.0.0.1 at 2019-01-28 12:55:03 +0530
Started GET "/cable/" [WebSocket] for 127.0.0.1 at 2019-01-28 12:55:03 +0530
Successfully upgraded to WebSocket (REQUEST_METHOD: GET, HTTP_CONNECTION: Upgrade, HTTP_UPGRADE: websocket)
  [1m[36mPost Load (0.3ms)[0m  [1m[34mSELECT  `posts`.* FROM `posts` ORDER BY `posts`.`id` DESC LIMIT 1[0m
CommentsChannel is transmitting the subscription confirmation
CommentsChannel is streaming from comments:Z2lkOi8vYmxvZy9Qb3N0LzE
Started GET "/posts" for 127.0.0.1 at 2019-01-28 12:55:05 +0530
Processing by PostsController#index as HTML
  Rendering posts/index.html.erb within layouts/application
  [1m[36mPost Load (0.3ms)[0m  [1m[34mSELECT `posts`.* FROM `posts`[0m
  Rendered posts/index.html.erb within layouts/application (1.5ms)
Completed 200 OK in 25ms (Views: 24.1ms | ActiveRecord: 0.3ms)


Started GET "/posts/new" for 127.0.0.1 at 2019-01-28 12:55:15 +0530
Processing by PostsController#new as HTML
  Rendering posts/new.html.erb within layouts/application
  Rendered posts/_form.html.erb (1.6ms)
  Rendered posts/new.html.erb within layouts/application (2.8ms)
Completed 200 OK in 36ms (Views: 35.0ms | ActiveRecord: 0.0ms)


Started GET "/posts" for 127.0.0.1 at 2019-01-28 12:55:16 +0530
Processing by PostsController#index as HTML
  Rendering posts/index.html.erb within layouts/application
  [1m[36mPost Load (7.1ms)[0m  [1m[34mSELECT `posts`.* FROM `posts`[0m
  Rendered posts/index.html.erb within layouts/application (22.8ms)
Completed 200 OK in 57ms (Views: 46.6ms | ActiveRecord: 7.1ms)


Finished "/cable/" [WebSocket] for 127.0.0.1 at 2019-01-28 12:56:16 +0530
CommentsChannel stopped streaming from comments:Z2lkOi8vYmxvZy9Qb3N0LzE
Started GET "/posts" for 127.0.0.1 at 2019-01-28 13:03:44 +0530
  [1m[36mActiveRecord::SchemaMigration Load (0.2ms)[0m  [1m[34mSELECT `schema_migrations`.* FROM `schema_migrations`[0m
Processing by PostsController#index as HTML
  Rendering posts/index.html.erb within layouts/application
  [1m[36mPost Load (0.2ms)[0m  [1m[34mSELECT `posts`.* FROM `posts`[0m
  Rendered posts/index.html.erb within layouts/application (12.5ms)
Completed 200 OK in 244ms (Views: 226.7ms | ActiveRecord: 1.3ms)


Started GET "/cable" for 127.0.0.1 at 2019-01-28 13:03:45 +0530
Started GET "/cable/" [WebSocket] for 127.0.0.1 at 2019-01-28 13:03:45 +0530
Successfully upgraded to WebSocket (REQUEST_METHOD: GET, HTTP_CONNECTION: Upgrade, HTTP_UPGRADE: websocket)
  [1m[36mPost Load (0.2ms)[0m  [1m[34mSELECT  `posts`.* FROM `posts` ORDER BY `posts`.`id` DESC LIMIT 1[0m
CommentsChannel is transmitting the subscription confirmation
CommentsChannel is streaming from comments:Z2lkOi8vYmxvZy9Qb3N0LzE
Started GET "/posts" for 127.0.0.1 at 2019-01-28 13:15:48 +0530
Processing by PostsController#index as HTML
  Rendering posts/index.html.erb within layouts/application
  [1m[36mPost Load (0.2ms)[0m  [1m[34mSELECT `posts`.* FROM `posts`[0m
  Rendered posts/index.html.erb within layouts/application (3.2ms)
Completed 200 OK in 45ms (Views: 42.4ms | ActiveRecord: 0.2ms)


Finished "/cable/" [WebSocket] for 127.0.0.1 at 2019-01-28 13:15:48 +0530
CommentsChannel stopped streaming from comments:Z2lkOi8vYmxvZy9Qb3N0LzE
Started GET "/cable" for 127.0.0.1 at 2019-01-28 13:15:48 +0530
Started GET "/cable/" [WebSocket] for 127.0.0.1 at 2019-01-28 13:15:48 +0530
Successfully upgraded to WebSocket (REQUEST_METHOD: GET, HTTP_CONNECTION: Upgrade, HTTP_UPGRADE: websocket)
  [1m[36mPost Load (0.2ms)[0m  [1m[34mSELECT  `posts`.* FROM `posts` ORDER BY `posts`.`id` DESC LIMIT 1[0m
CommentsChannel is transmitting the subscription confirmation
CommentsChannel is streaming from comments:Z2lkOi8vYmxvZy9Qb3N0LzE
Started GET "/posts/1" for 127.0.0.1 at 2019-01-28 13:15:50 +0530
Processing by PostsController#show as HTML
  Parameters: {"id"=>"1"}
  [1m[36mPost Load (0.2ms)[0m  [1m[34mSELECT  `posts`.* FROM `posts` WHERE `posts`.`id` = 1 LIMIT 1[0m
  Rendering posts/show.html.erb within layouts/application
  [1m[36mComment Load (0.2ms)[0m  [1m[34mSELECT `comments`.* FROM `comments` WHERE `comments`.`post_id` = 1[0m
  Rendered collection of comments/_comment.html.erb [3 times] (0.7ms)
  Rendered posts/show.html.erb within layouts/application (46.6ms)
Completed 200 OK in 72ms (Views: 66.8ms | ActiveRecord: 1.2ms)


Started GET "/" for 127.0.0.1 at 2019-01-28 17:03:05 +0530
  
Mysql2::Error (Can't connect to local MySQL server through socket '/var/run/mysqld/mysqld.sock' (2)):
  
mysql2 (0.4.10) lib/mysql2/client.rb:89:in `connect'
mysql2 (0.4.10) lib/mysql2/client.rb:89:in `initialize'
activerecord (5.0.0) lib/active_record/connection_adapters/mysql2_adapter.rb:25:in `new'
activerecord (5.0.0) lib/active_record/connection_adapters/mysql2_adapter.rb:25:in `mysql2_connection'
activerecord (5.0.0) lib/active_record/connection_adapters/abstract/connection_pool.rb:721:in `new_connection'
activerecord (5.0.0) lib/active_record/connection_adapters/abstract/connection_pool.rb:765:in `checkout_new_connection'
activerecord (5.0.0) lib/active_record/connection_adapters/abstract/connection_pool.rb:744:in `try_to_checkout_new_connection'
activerecord (5.0.0) lib/active_record/connection_adapters/abstract/connection_pool.rb:705:in `acquire_connection'
activerecord (5.0.0) lib/active_record/connection_adapters/abstract/connection_pool.rb:501:in `checkout'
activerecord (5.0.0) lib/active_record/connection_adapters/abstract/connection_pool.rb:364:in `connection'
activerecord (5.0.0) lib/active_record/connection_adapters/abstract/connection_pool.rb:875:in `retrieve_connection'
activerecord (5.0.0) lib/active_record/connection_handling.rb:128:in `retrieve_connection'
activerecord (5.0.0) lib/active_record/connection_handling.rb:91:in `connection'
activerecord (5.0.0) lib/active_record/migration.rb:558:in `connection'
activerecord (5.0.0) lib/active_record/migration.rb:545:in `call'
actionpack (5.0.0) lib/action_dispatch/middleware/callbacks.rb:38:in `block in call'
activesupport (5.0.0) lib/active_support/callbacks.rb:97:in `__run_callbacks__'
activesupport (5.0.0) lib/active_support/callbacks.rb:750:in `_run_call_callbacks'
activesupport (5.0.0) lib/active_support/callbacks.rb:90:in `run_callbacks'
actionpack (5.0.0) lib/action_dispatch/middleware/callbacks.rb:36:in `call'
actionpack (5.0.0) lib/action_dispatch/middleware/executor.rb:12:in `call'
actionpack (5.0.0) lib/action_dispatch/middleware/remote_ip.rb:79:in `call'
actionpack (5.0.0) lib/action_dispatch/middleware/debug_exceptions.rb:49:in `call'
web-console (3.3.0) lib/web_console/middleware.rb:131:in `call_app'
web-console (3.3.0) lib/web_console/middleware.rb:28:in `block in call'
web-console (3.3.0) lib/web_console/middleware.rb:18:in `catch'
web-console (3.3.0) lib/web_console/middleware.rb:18:in `call'
actionpack (5.0.0) lib/action_dispatch/middleware/show_exceptions.rb:31:in `call'
railties (5.0.0) lib/rails/rack/logger.rb:36:in `call_app'
railties (5.0.0) lib/rails/rack/logger.rb:24:in `block in call'
activesupport (5.0.0) lib/active_support/tagged_logging.rb:70:in `block in tagged'
activesupport (5.0.0) lib/active_support/tagged_logging.rb:26:in `tagged'
activesupport (5.0.0) lib/active_support/tagged_logging.rb:70:in `tagged'
railties (5.0.0) lib/rails/rack/logger.rb:24:in `call'
sprockets-rails (3.1.1) lib/sprockets/rails/quiet_assets.rb:13:in `call'
actionpack (5.0.0) lib/action_dispatch/middleware/request_id.rb:24:in `call'
rack (2.0.1) lib/rack/method_override.rb:22:in `call'
rack (2.0.1) lib/rack/runtime.rb:22:in `call'
activesupport (5.0.0) lib/active_support/cache/strategy/local_cache_middleware.rb:28:in `call'
actionpack (5.0.0) lib/action_dispatch/middleware/executor.rb:12:in `call'
actionpack (5.0.0) lib/action_dispatch/middleware/static.rb:136:in `call'
rack (2.0.1) lib/rack/sendfile.rb:111:in `call'
railties (5.0.0) lib/rails/engine.rb:522:in `call'
puma (3.4.0) lib/puma/configuration.rb:224:in `call'
puma (3.4.0) lib/puma/server.rb:569:in `handle_request'
puma (3.4.0) lib/puma/server.rb:406:in `process_client'
puma (3.4.0) lib/puma/server.rb:271:in `block in run'
puma (3.4.0) lib/puma/thread_pool.rb:114:in `block in spawn_thread'
  Rendering /home/likewise-open/IDEXCEL/amadhan/.rvm/gems/ruby-2.3.1/gems/actionpack-5.0.0/lib/action_dispatch/middleware/templates/rescues/diagnostics.html.erb within rescues/layout
  Rendering /home/likewise-open/IDEXCEL/amadhan/.rvm/gems/ruby-2.3.1/gems/actionpack-5.0.0/lib/action_dispatch/middleware/templates/rescues/_source.html.erb
  Rendered /home/likewise-open/IDEXCEL/amadhan/.rvm/gems/ruby-2.3.1/gems/actionpack-5.0.0/lib/action_dispatch/middleware/templates/rescues/_source.html.erb (3.3ms)
  Rendering /home/likewise-open/IDEXCEL/amadhan/.rvm/gems/ruby-2.3.1/gems/actionpack-5.0.0/lib/action_dispatch/middleware/templates/rescues/_trace.html.erb
  Rendered /home/likewise-open/IDEXCEL/amadhan/.rvm/gems/ruby-2.3.1/gems/actionpack-5.0.0/lib/action_dispatch/middleware/templates/rescues/_trace.html.erb (1.8ms)
  Rendering /home/likewise-open/IDEXCEL/amadhan/.rvm/gems/ruby-2.3.1/gems/actionpack-5.0.0/lib/action_dispatch/middleware/templates/rescues/_request_and_response.html.erb
  Rendered /home/likewise-open/IDEXCEL/amadhan/.rvm/gems/ruby-2.3.1/gems/actionpack-5.0.0/lib/action_dispatch/middleware/templates/rescues/_request_and_response.html.erb (1.0ms)
  Rendered /home/likewise-open/IDEXCEL/amadhan/.rvm/gems/ruby-2.3.1/gems/actionpack-5.0.0/lib/action_dispatch/middleware/templates/rescues/diagnostics.html.erb within rescues/layout (29.4ms)
Started GET "/" for 127.0.0.1 at 2019-01-28 17:07:30 +0530
  [1m[36mActiveRecord::SchemaMigration Load (0.5ms)[0m  [1m[34mSELECT `schema_migrations`.* FROM `schema_migrations`[0m
Processing by Rails::WelcomeController#index as HTML
  Parameters: {"internal"=>true}
  Rendering /home/likewise-open/IDEXCEL/amadhan/.rvm/gems/ruby-2.3.1/gems/railties-5.0.0/lib/rails/templates/rails/welcome/index.html.erb
  Rendered /home/likewise-open/IDEXCEL/amadhan/.rvm/gems/ruby-2.3.1/gems/railties-5.0.0/lib/rails/templates/rails/welcome/index.html.erb (4.5ms)
Completed 200 OK in 16ms (Views: 7.9ms | ActiveRecord: 0.0ms)


Started GET "/posts" for 127.0.0.1 at 2019-01-28 17:07:36 +0530
Processing by PostsController#index as HTML
  Rendering posts/index.html.erb within layouts/application
  [1m[36mPost Load (2.0ms)[0m  [1m[34mSELECT `posts`.* FROM `posts`[0m
  Rendered posts/index.html.erb within layouts/application (15.5ms)
Completed 200 OK in 231ms (Views: 213.4ms | ActiveRecord: 4.4ms)


Started GET "/cable" for 127.0.0.1 at 2019-01-28 17:07:37 +0530
Started GET "/cable/" [WebSocket] for 127.0.0.1 at 2019-01-28 17:07:37 +0530
Request origin not allowed: http://localhost:3001
Failed to upgrade to WebSocket (REQUEST_METHOD: GET, HTTP_CONNECTION: Upgrade, HTTP_UPGRADE: websocket)
Finished "/cable/" [WebSocket] for 127.0.0.1 at 2019-01-28 17:07:37 +0530
Started GET "/posts/new" for 127.0.0.1 at 2019-01-28 17:07:41 +0530
Processing by PostsController#new as HTML
  Rendering posts/new.html.erb within layouts/application
  Rendered posts/_form.html.erb (20.8ms)
  Rendered posts/new.html.erb within layouts/application (22.5ms)
Completed 200 OK in 46ms (Views: 45.0ms | ActiveRecord: 0.0ms)


Started GET "/cable" for 127.0.0.1 at 2019-01-28 17:07:43 +0530
Started GET "/cable/" [WebSocket] for 127.0.0.1 at 2019-01-28 17:07:43 +0530
Request origin not allowed: http://localhost:3001
Failed to upgrade to WebSocket (REQUEST_METHOD: GET, HTTP_CONNECTION: Upgrade, HTTP_UPGRADE: websocket)
Finished "/cable/" [WebSocket] for 127.0.0.1 at 2019-01-28 17:07:43 +0530
Started GET "/cable" for 127.0.0.1 at 2019-01-28 17:07:46 +0530
Started GET "/cable/" [WebSocket] for 127.0.0.1 at 2019-01-28 17:07:46 +0530
Request origin not allowed: http://localhost:3001
Failed to upgrade to WebSocket (REQUEST_METHOD: GET, HTTP_CONNECTION: Upgrade, HTTP_UPGRADE: websocket)
Finished "/cable/" [WebSocket] for 127.0.0.1 at 2019-01-28 17:07:46 +0530
Started GET "/cable" for 127.0.0.1 at 2019-01-28 17:07:52 +0530
Started GET "/cable/" [WebSocket] for 127.0.0.1 at 2019-01-28 17:07:52 +0530
Request origin not allowed: http://localhost:3001
Failed to upgrade to WebSocket (REQUEST_METHOD: GET, HTTP_CONNECTION: Upgrade, HTTP_UPGRADE: websocket)
Finished "/cable/" [WebSocket] for 127.0.0.1 at 2019-01-28 17:07:52 +0530
Started POST "/posts" for 127.0.0.1 at 2019-01-28 17:07:53 +0530
Processing by PostsController#create as HTML
  Parameters: {"utf8"=>"✓", "authenticity_token"=>"wKf6g6YnP5Hm4R4QTcGyNrDJl0qi5WJkwS2N9MMxK9oGxq1X/2exSg4vMNOe+05a8/QY4t2WROqRivYzH4BuKA==", "post"=>{"title"=>"This is from main host", "body"=>"This is from main host"}, "commit"=>"Create Post"}
  [1m[35m (0.6ms)[0m  [1m[35mBEGIN[0m
  [1m[35mSQL (0.7ms)[0m  [1m[32mINSERT INTO `posts` (`title`, `body`, `created_at`, `updated_at`) VALUES ('This is from main host', 'This is from main host', '2019-01-28 11:37:54', '2019-01-28 11:37:54')[0m
  [1m[35m (137.3ms)[0m  [1m[35mCOMMIT[0m
Redirected to http://localhost:3001/posts/2
Completed 302 Found in 147ms (ActiveRecord: 138.6ms)


Started GET "/posts/2" for 127.0.0.1 at 2019-01-28 17:07:54 +0530
Processing by PostsController#show as HTML
  Parameters: {"id"=>"2"}
  [1m[36mPost Load (0.8ms)[0m  [1m[34mSELECT  `posts`.* FROM `posts` WHERE `posts`.`id` = 2 LIMIT 1[0m
  Rendering posts/show.html.erb within layouts/application
  [1m[36mComment Load (0.6ms)[0m  [1m[34mSELECT `comments`.* FROM `comments` WHERE `comments`.`post_id` = 2[0m
  Rendered collection of templates [0 times] (0.0ms)
  Rendered posts/show.html.erb within layouts/application (44.2ms)
Completed 200 OK in 89ms (Views: 80.9ms | ActiveRecord: 2.9ms)


Started GET "/cable" for 127.0.0.1 at 2019-01-28 17:07:54 +0530
Started GET "/cable/" [WebSocket] for 127.0.0.1 at 2019-01-28 17:07:54 +0530
Request origin not allowed: http://localhost:3001
Failed to upgrade to WebSocket (REQUEST_METHOD: GET, HTTP_CONNECTION: Upgrade, HTTP_UPGRADE: websocket)
Finished "/cable/" [WebSocket] for 127.0.0.1 at 2019-01-28 17:07:54 +0530
Started GET "/cable" for 127.0.0.1 at 2019-01-28 17:08:00 +0530
Started GET "/cable/" [WebSocket] for 127.0.0.1 at 2019-01-28 17:08:00 +0530
Request origin not allowed: http://localhost:3001
Failed to upgrade to WebSocket (REQUEST_METHOD: GET, HTTP_CONNECTION: Upgrade, HTTP_UPGRADE: websocket)
Finished "/cable/" [WebSocket] for 127.0.0.1 at 2019-01-28 17:08:00 +0530
Started POST "/posts/2/comments" for 127.0.0.1 at 2019-01-28 17:08:03 +0530
Processing by CommentsController#create as HTML
  Parameters: {"utf8"=>"✓", "authenticity_token"=>"Vz8DV9EDdopwTplKDiS0jktHFdUiSaEiy1xZnhgsBl1X0Q97xDd+ofPFdhOcf8PQ0pNNlUzC7YiGAkB+4zapVg==", "comment"=>{"body"=>"This comment from main host"}, "commit"=>"Create Comment", "post_id"=>"2"}
Started GET "/cable" for 127.0.0.1 at 2019-01-28 17:08:03 +0530
  [1m[36mPost Load (1.8ms)[0m  [1m[34mSELECT  `posts`.* FROM `posts` WHERE `posts`.`id` = 2 LIMIT 1[0m
Started GET "/cable/" [WebSocket] for 127.0.0.1 at 2019-01-28 17:08:03 +0530
Request origin not allowed: http://localhost:3001
  [1m[35m (0.7ms)[0m  [1m[35mBEGIN[0m
Failed to upgrade to WebSocket (REQUEST_METHOD: GET, HTTP_CONNECTION: Upgrade, HTTP_UPGRADE: websocket)
Finished "/cable/" [WebSocket] for 127.0.0.1 at 2019-01-28 17:08:03 +0530
  [1m[35mSQL (180.1ms)[0m  [1m[32mINSERT INTO `comments` (`post_id`, `body`, `created_at`, `updated_at`) VALUES (2, 'This comment from main host', '2019-01-28 11:38:03', '2019-01-28 11:38:03')[0m
  [1m[35m (81.7ms)[0m  [1m[35mCOMMIT[0m
[ActiveJob] Enqueued ActionMailer::DeliveryJob (Job ID: 7d45f14f-4a88-4b74-a98a-4bb5d0d6a190) to Async(mailers) with arguments: "CommentsMailer", "submitted", "deliver_now", #<GlobalID:0x000000030faf20 @uri=#<URI::GID gid://blog/Comment/2>>
  [1m[36mComment Load (0.6ms)[0m  [1m[34mSELECT  `comments`.* FROM `comments` WHERE `comments`.`id` = 2 LIMIT 1[0m
[ActiveJob] [ActionMailer::DeliveryJob] [7d45f14f-4a88-4b74-a98a-4bb5d0d6a190] Performing ActionMailer::DeliveryJob from Async(mailers) with arguments: "CommentsMailer", "submitted", "deliver_now", #<GlobalID:0x000000027aaf60 @uri=#<URI::GID gid://blog/Comment/2>>
[ActiveJob] [ActionMailer::DeliveryJob] [7d45f14f-4a88-4b74-a98a-4bb5d0d6a190]   Rendering comments_mailer/submitted.html.erb within layouts/mailer
[ActiveJob] [ActionMailer::DeliveryJob] [7d45f14f-4a88-4b74-a98a-4bb5d0d6a190]   [1m[36mPost Load (0.7ms)[0m  [1m[34mSELECT  `posts`.* FROM `posts` WHERE `posts`.`id` = 2 LIMIT 1[0m
[ActiveJob] [ActionMailer::DeliveryJob] [7d45f14f-4a88-4b74-a98a-4bb5d0d6a190]   Rendered comments/_comment.html.erb (0.5ms)
[ActiveJob] [ActionMailer::DeliveryJob] [7d45f14f-4a88-4b74-a98a-4bb5d0d6a190]   Rendered comments_mailer/submitted.html.erb within layouts/mailer (4.8ms)
[ActiveJob] [ActionMailer::DeliveryJob] [7d45f14f-4a88-4b74-a98a-4bb5d0d6a190]   Rendering comments_mailer/submitted.text.erb within layouts/mailer
[ActiveJob] [ActionMailer::DeliveryJob] [7d45f14f-4a88-4b74-a98a-4bb5d0d6a190]   Rendered comments_mailer/submitted.text.erb within layouts/mailer (0.5ms)
[ActiveJob] [ActionMailer::DeliveryJob] [7d45f14f-4a88-4b74-a98a-4bb5d0d6a190] CommentsMailer#submitted: processed outbound mail in 165.8ms
[ActiveJob] [ActionMailer::DeliveryJob] [7d45f14f-4a88-4b74-a98a-4bb5d0d6a190] Sent mail to blog-owner@example.org (18.8ms)
[ActiveJob] [ActionMailer::DeliveryJob] [7d45f14f-4a88-4b74-a98a-4bb5d0d6a190] Date: Mon, 28 Jan 2019 17:08:05 +0530
From: from@example.com
To: blog-owner@example.org
Message-ID: <5c4ee99d2168d_2484187cebc416f@laplen023.mail>
Subject: New comment!
Mime-Version: 1.0
Content-Type: multipart/alternative;
 boundary="--==_mimepart_5c4ee99d1dcd8_2484187cebc415a5";
 charset=UTF-8
Content-Transfer-Encoding: 7bit


----==_mimepart_5c4ee99d1dcd8_2484187cebc415a5
Content-Type: text/plain;
 charset=UTF-8
Content-Transfer-Encoding: 7bit

You got a new comment This is from main host : This comment from main host

----==_mimepart_5c4ee99d1dcd8_2484187cebc415a5
Content-Type: text/html;
 charset=UTF-8
Content-Transfer-Encoding: 7bit

<!DOCTYPE html>
<html>
  <head>
    <meta http-equiv="Content-Type" content="text/html; charset=utf-8" />
    <style>
      /* Email styles need to be inline */
    </style>
  </head>

  <body>
    <h1> you got a new comment on This is from main host </h1>

<p>This comment from main host -- 2019-01-28 11:38:03 UTC</p>

  </body>
</html>

----==_mimepart_5c4ee99d1dcd8_2484187cebc415a5--

[ActiveJob] [ActionMailer::DeliveryJob] [7d45f14f-4a88-4b74-a98a-4bb5d0d6a190] Performed ActionMailer::DeliveryJob from Async(mailers) in 186.42ms
  Rendered comments/_comment.html.erb (0.5ms)
[ActionCable] Broadcasting to comments:Z2lkOi8vYmxvZy9Qb3N0LzI: {:comment=>"<p>This comment from main host -- 2019-01-28 11:38:03 UTC</p>\n"}
Redirected to http://localhost:3001/posts/2
Completed 302 Found in 1339ms (ActiveRecord: 264.4ms)


Started GET "/posts/2" for 127.0.0.1 at 2019-01-28 17:08:05 +0530
Processing by PostsController#show as HTML
  Parameters: {"id"=>"2"}
  [1m[36mPost Load (0.6ms)[0m  [1m[34mSELECT  `posts`.* FROM `posts` WHERE `posts`.`id` = 2 LIMIT 1[0m
  Rendering posts/show.html.erb within layouts/application
  [1m[36mComment Load (0.6ms)[0m  [1m[34mSELECT `comments`.* FROM `comments` WHERE `comments`.`post_id` = 2[0m
  Rendered collection of comments/_comment.html.erb [1 times] (0.6ms)
  Rendered posts/show.html.erb within layouts/application (6.8ms)
Completed 200 OK in 30ms (Views: 26.9ms | ActiveRecord: 1.2ms)


Started GET "/cable" for 127.0.0.1 at 2019-01-28 17:08:05 +0530
Started GET "/cable/" [WebSocket] for 127.0.0.1 at 2019-01-28 17:08:05 +0530
Request origin not allowed: http://localhost:3001
Failed to upgrade to WebSocket (REQUEST_METHOD: GET, HTTP_CONNECTION: Upgrade, HTTP_UPGRADE: websocket)
Finished "/cable/" [WebSocket] for 127.0.0.1 at 2019-01-28 17:08:05 +0530
Started GET "/posts" for 127.0.0.1 at 2019-01-28 17:08:06 +0530
Processing by PostsController#index as HTML
  Rendering posts/index.html.erb within layouts/application
  [1m[36mPost Load (3.0ms)[0m  [1m[34mSELECT `posts`.* FROM `posts`[0m
  Rendered posts/index.html.erb within layouts/application (10.5ms)
Completed 200 OK in 85ms (Views: 79.4ms | ActiveRecord: 3.0ms)


Started GET "/cable" for 127.0.0.1 at 2019-01-28 17:08:11 +0530
Started GET "/cable/" [WebSocket] for 127.0.0.1 at 2019-01-28 17:08:11 +0530
Request origin not allowed: http://localhost:3001
Failed to upgrade to WebSocket (REQUEST_METHOD: GET, HTTP_CONNECTION: Upgrade, HTTP_UPGRADE: websocket)
Finished "/cable/" [WebSocket] for 127.0.0.1 at 2019-01-28 17:08:11 +0530
Started GET "/cable" for 127.0.0.1 at 2019-01-28 17:08:15 +0530
Started GET "/cable/" [WebSocket] for 127.0.0.1 at 2019-01-28 17:08:15 +0530
Request origin not allowed: http://localhost:3001
Failed to upgrade to WebSocket (REQUEST_METHOD: GET, HTTP_CONNECTION: Upgrade, HTTP_UPGRADE: websocket)
Finished "/cable/" [WebSocket] for 127.0.0.1 at 2019-01-28 17:08:15 +0530
Started GET "/cable" for 127.0.0.1 at 2019-01-28 17:08:21 +0530
Started GET "/cable/" [WebSocket] for 127.0.0.1 at 2019-01-28 17:08:21 +0530
Request origin not allowed: http://localhost:3001
Failed to upgrade to WebSocket (REQUEST_METHOD: GET, HTTP_CONNECTION: Upgrade, HTTP_UPGRADE: websocket)
Finished "/cable/" [WebSocket] for 127.0.0.1 at 2019-01-28 17:08:21 +0530
Started GET "/cable" for 127.0.0.1 at 2019-01-28 17:08:28 +0530
Started GET "/cable/" [WebSocket] for 127.0.0.1 at 2019-01-28 17:08:28 +0530
Request origin not allowed: http://localhost:3001
Failed to upgrade to WebSocket (REQUEST_METHOD: GET, HTTP_CONNECTION: Upgrade, HTTP_UPGRADE: websocket)
Finished "/cable/" [WebSocket] for 127.0.0.1 at 2019-01-28 17:08:28 +0530
Started GET "/cable" for 127.0.0.1 at 2019-01-28 17:08:28 +0530
Started GET "/cable/" [WebSocket] for 127.0.0.1 at 2019-01-28 17:08:28 +0530
Request origin not allowed: http://localhost:3001
Failed to upgrade to WebSocket (REQUEST_METHOD: GET, HTTP_CONNECTION: Upgrade, HTTP_UPGRADE: websocket)
Finished "/cable/" [WebSocket] for 127.0.0.1 at 2019-01-28 17:08:28 +0530
